{"level":"INFO","ts":"2026-02-02 09:41:42.939","caller":"server/main.go:32","msg":"服务启动中...","config":{"Name":"nexus","Mode":"debug","HttpPort":9003,"GrpcPort":9090,"ReadTimeout":60,"WriteTimeout":60}}
{"level":"INFO","ts":"2026-02-02 09:41:42.977","caller":"data/db.go:87","msg":"确保数据库存在","db_name":"nexus"}
{"level":"INFO","ts":"2026-02-02 09:41:42.980","caller":"data/db.go:50","msg":"MySQL 连接成功","dsn":"root:***Local"}
{"level":"FATAL","ts":"2026-02-02 09:41:45.068","caller":"data/redis.go:30","msg":"Redis 连接失败","error":"dial tcp 127.0.0.1:6379: connectex: No connection could be made because the target machine actively refused it.","addr":"127.0.0.1:6379"}
{"level":"INFO","ts":"2026-02-02 09:59:11.593","caller":"server/main.go:32","msg":"服务启动中...","config":{"Name":"nexus","Mode":"debug","HttpPort":9003,"GrpcPort":9090,"ReadTimeout":60,"WriteTimeout":60}}
{"level":"INFO","ts":"2026-02-02 09:59:11.925","caller":"data/db.go:87","msg":"确保数据库存在","db_name":"nexus"}
{"level":"INFO","ts":"2026-02-02 09:59:11.928","caller":"data/db.go:50","msg":"MySQL 连接成功","dsn":"root:***Local"}
{"level":"INFO","ts":"2026-02-02 09:59:11.933","caller":"data/redis.go:33","msg":"Redis 连接成功","addr":"127.0.0.1:6379"}
{"level":"INFO","ts":"2026-02-02 09:59:11.933","caller":"data/migrate.go:10","msg":"开始迁移数据库表结构..."}
{"level":"INFO","ts":"2026-02-02 09:59:12.109","caller":"data/migrate.go:17","msg":"数据库表结构迁移完成"}
{"level":"INFO","ts":"2026-02-02 09:59:12.113","caller":"service/ip_security.go:39","msg":"黑名单加载完成","count":0}
{"level":"INFO","ts":"2026-02-02 09:59:12.113","caller":"service/init_data.go:13","msg":"正在检查并初始化基础数据..."}
{"level":"INFO","ts":"2026-02-02 09:59:12.195","caller":"service/init_data.go:51","msg":"初始化管理员账号成功: admin / 123456"}
{"level":"INFO","ts":"2026-02-02 09:59:12.209","caller":"server/main.go:45","msg":"服务启动成功","addr":":9003"}
{"level":"INFO","ts":"2026-02-16 10:58:08.979","caller":"server/main.go:45","msg":"服务启动中...","config":{"Name":"nexus","Mode":"debug","HttpPort":9003,"GrpcPort":9090,"ReadTimeout":60,"WriteTimeout":60}}
{"level":"INFO","ts":"2026-02-16 10:58:09.030","caller":"data/data.go:128","msg":"确保数据库存在","db_name":"nexus"}
{"level":"FATAL","ts":"2026-02-16 10:58:11.134","caller":"server/main.go:49","msg":"数据层初始化失败","error":"Redis连接失败: dial tcp 127.0.0.1:6379: connect: connection refused"}
{"level":"INFO","ts":"2026-02-16 10:59:46.222","caller":"server/main.go:45","msg":"服务启动中...","config":{"Name":"nexus","Mode":"debug","HttpPort":9003,"GrpcPort":9090,"ReadTimeout":60,"WriteTimeout":60}}
{"level":"INFO","ts":"2026-02-16 10:59:46.225","caller":"data/data.go:128","msg":"确保数据库存在","db_name":"nexus"}
{"level":"INFO","ts":"2026-02-16 10:59:46.230","caller":"data/migrate.go:11","msg":"开始迁移数据库表结构..."}
{"level":"INFO","ts":"2026-02-16 10:59:46.287","caller":"data/migrate.go:18","msg":"数据库表结构迁移完成"}
{"level":"INFO","ts":"2026-02-16 10:59:46.287","caller":"service/init_data.go:12","msg":"正在检查并初始化基础数据..."}
{"level":"INFO","ts":"2026-02-16 10:59:46.354","caller":"service/init_data.go:46","msg":"初始化管理员账号成功: admin / 123456"}
{"level":"INFO","ts":"2026-02-16 10:59:46.355","caller":"service/ip_security.go:48","msg":"黑名单加载完成","count":0}
{"level":"INFO","ts":"2026-02-16 10:59:46.356","caller":"server/main.go:76","msg":"HTTP服务启动成功","addr":":9003"}
